<?xml version="1.0" encoding="UTF-8"?>
<!-- Generated by org.testng.reporters.JUnitReportReporter -->
<testsuite hostname="MdKhaja" failures="0" tests="1" name="programs.Login" time="4.297" errors="0" timestamp="2025-08-30T11:00:34 IST" skipped="0">
  <testcase classname="programs.Login" name="searchingTrains" time="4.297"/>
</testsuite> <!-- programs.Login -->
