<?xml version="1.0" encoding="UTF-8"?>
<!-- Generated by org.testng.reporters.JUnitReportReporter -->
<testsuite hostname="MdKhaja" failures="0" tests="6" name="programs.MyApplicationAPIs" time="0.529" errors="0" timestamp="2025-09-21T16:30:42 IST" skipped="0">
  <testcase classname="programs.MyApplicationAPIs" name="getEmploees" time="0.076"/>
  <system-out/>
  <testcase classname="programs.MyApplicationAPIs" name="createEmployee" time="0.154"/>
  <system-out/>
  <testcase classname="programs.MyApplicationAPIs" name="gettingCreatedEmployeeDetails" time="0.026"/>
  <system-out/>
  <testcase classname="programs.MyApplicationAPIs" name="updateEmployee" time="0.056"/>
  <system-out/>
  <testcase classname="programs.MyApplicationAPIs" name="gettingUpdatedEmployeeDetails" time="0.171"/>
  <system-out/>
  <testcase classname="programs.MyApplicationAPIs" name="deleteUpdatedEmployee" time="0.046"/>
  <system-out/>
</testsuite> <!-- programs.MyApplicationAPIs -->
