<?xml version="1.0" encoding="UTF-8"?>
<!-- Generated by org.testng.reporters.JUnitReportReporter -->
<testsuite hostname="MdKhaja" failures="0" tests="1" name="programs.MyApplicationAPIs" time="0.355" errors="0" timestamp="2025-10-19T16:47:20 IST" skipped="0">
  <testcase classname="programs.MyApplicationAPIs" name="getEmploees" time="0.355"/>
  <system-out/>
</testsuite> <!-- programs.MyApplicationAPIs -->
